\BOOKMARK [0][-]{chapter*.1}{Introduzione 5mm}{}% 1
\BOOKMARK [0][-]{chapter*.2}{I \040Stato dell'arte}{}% 2
\BOOKMARK [0][-]{chapter.1}{Internet of Things}{}% 3
\BOOKMARK [1][-]{section.1.1}{Architettura dell'IoT}{chapter.1}% 4
\BOOKMARK [1][-]{section.1.2}{Interoperabilit\340 nell'IoT}{chapter.1}% 5
\BOOKMARK [0][-]{chapter.2}{W3C Web of Things}{}% 6
\BOOKMARK [1][-]{section.2.1}{Architettura del WoT}{chapter.2}% 7
\BOOKMARK [2][-]{subsection.2.1.1}{Casi d'uso}{section.2.1}% 8
\BOOKMARK [2][-]{subsection.2.1.2}{Thing}{section.2.1}% 9
\BOOKMARK [2][-]{subsection.2.1.3}{Thing Description}{section.2.1}% 10
\BOOKMARK [2][-]{subsection.2.1.4}{Binding Templates}{section.2.1}% 11
\BOOKMARK [2][-]{subsection.2.1.5}{Scripting API}{section.2.1}% 12
\BOOKMARK [2][-]{subsection.2.1.6}{Security and Privacy Guidelines}{section.2.1}% 13
\BOOKMARK [2][-]{subsection.2.1.7}{WoT Servient}{section.2.1}% 14
\BOOKMARK [1][-]{section.2.2}{Implementazioni concrete del WoT Servient}{chapter.2}% 15
\BOOKMARK [2][-]{subsection.2.2.1}{WoT Arduino}{section.2.2}% 16
\BOOKMARK [2][-]{subsection.2.2.2}{Arduino RDF Server}{section.2.2}% 17
\BOOKMARK [0][-]{chapter*.5}{Conclusioni}{}% 18
\BOOKMARK [0][-]{appendix.Alph1}{Prima Appendice}{}% 19
\BOOKMARK [0][-]{appendix.Alph2}{Seconda Appendice}{}% 20
\BOOKMARK [0][-]{appendix*.6}{Bibliografia}{}% 21
